<?xml version="1.0" encoding="UTF-8"?>
<!-- Generated by org.testng.reporters.JUnitReportReporter -->
<testsuite hostname="DESKTOP-KLPI2D7" failures="0" tests="1" name="StepDefinations.StepDefination" time="30.118" errors="0" timestamp="2019-10-04T17:31:13 ICT" skipped="0">
  <testcase classname="StepDefinations.StepDefination" name="test" time="30.118"/>
</testsuite> <!-- StepDefinations.StepDefination -->
